<?xml version="1.0" encoding="UTF-8"?>
<!-- Generated by org.testng.reporters.JUnitXMLReporter -->
<testsuite ignored="1" hostname="DESKTOP-UNHJLHT" failures="0" tests="4" name="Amazon Application - Chrome" time="58.936" errors="0" timestamp="2022-03-23T00:46:54 PST">
  <testcase classname="com.qa.testscripts.TC_Amazon_003" name="searchItem" time="9.845"/>
  <testcase classname="com.qa.testscripts.TC_Amazon_003" name="searchItem" time="10.318"/>
  <testcase classname="com.qa.testscripts.TC_Amazon_003" name="searchItem" time="9.291"/>
  <testcase classname="com.qa.testscripts.TC_Amazon_003" name="searchItem" time="9.843"/>
  <testcase classname="com.qa.testscripts.TC_Amazon_003" name="validateTitle" time="0.0">
    <ignored/>
  </testcase> <!-- validateTitle -->
</testsuite> <!-- Amazon Application - Chrome -->
