<?xml version="1.0" encoding="UTF-8"?>
<!-- Generated by org.testng.reporters.JUnitXMLReporter -->
<testsuite ignored="0" hostname="DESKTOP-UNHJLHT" failures="1" tests="1" name="Citibank Application - Chrome" time="10.496" errors="0" timestamp="2022-03-18T17:43:44 PST">
  <testcase classname="com.qa.testscripts.TC_Citibank_001" name="workingWithWindows" time="3.013">
    <failure type="java.lang.NullPointerException" message="Cannot invoke &amp;quot;org.openqa.selenium.WebElement.click()&amp;quot; because the return value of &amp;quot;com.qa.pages.CitibankPages.getCitiGroupLink()&amp;quot; is null">
      <![CDATA[java.lang.NullPointerException: Cannot invoke "org.openqa.selenium.WebElement.click()" because the return value of "com.qa.pages.CitibankPages.getCitiGroupLink()" is null
at com.qa.testscripts.TC_Citibank_001.workingWithWindows(TC_Citibank_001.java:20)
at java.base/java.util.concurrent.ThreadPoolExecutor.runWorker(ThreadPoolExecutor.java:1136)
at java.base/java.util.concurrent.ThreadPoolExecutor$Worker.run(ThreadPoolExecutor.java:635)
at java.base/java.lang.Thread.run(Thread.java:833)
... Removed 12 stack frames]]>
    </failure>
  </testcase> <!-- workingWithWindows -->
</testsuite> <!-- Citibank Application - Chrome -->
