<?xml version="1.0" encoding="UTF-8"?>
<!-- Generated by org.testng.reporters.JUnitXMLReporter -->
<testsuite ignored="0" hostname="DESKTOP-UNHJLHT" failures="0" tests="2" name="JavaScript Application - Chrome" time="6.456" errors="0" timestamp="2022-03-21T18:13:18 PST">
  <testcase classname="com.qa.testscripts.TC_ScreenshotDemo_001" name="screenshotByDriver" time="0.531"/>
  <testcase classname="com.qa.testscripts.TC_ScreenshotDemo_001" name="screenshotByElement" time="0.093"/>
</testsuite> <!-- JavaScript Application - Chrome -->
