<?xml version="1.0" encoding="UTF-8"?>
<!-- Generated by org.testng.reporters.JUnitXMLReporter -->
<testsuite ignored="2" hostname="DESKTOP-UNHJLHT" failures="0" tests="1" name="Oracle Javadocs Application - Chrome" time="5.963" errors="0" timestamp="2022-03-18T18:18:32 PST">
  <testcase classname="com.qa.testscripts.TC_DemoFrames_001" name="frameByElement" time="1.724"/>
  <testcase classname="com.qa.testscripts.TC_DemoFrames_001" name="frameByName" time="0.0">
    <ignored/>
  </testcase> <!-- frameByName -->
  <testcase classname="com.qa.testscripts.TC_DemoFrames_001" name="framesByIndex" time="0.0">
    <ignored/>
  </testcase> <!-- framesByIndex -->
</testsuite> <!-- Oracle Javadocs Application - Chrome -->
