<?xml version="1.0" encoding="UTF-8"?>
<testng-results ignored="1" total="5" passed="4" failed="0" skipped="0">
  <reporter-output>
    <line>
      <![CDATA[Title has the search term]]>
    </line>
    <line>
      <![CDATA[The Count of Monte Cristo]]>
    </line>
    <line>
      <![CDATA[The Prophet]]>
    </line>
    <line>
      <![CDATA[The Da Vinci Code: (Robert Langdon Book 2)]]>
    </line>
    <line>
      <![CDATA[The Da Vinci Code (Abridged Edition)]]>
    </line>
    <line>
      <![CDATA[The Da Vinci Code: (Robert Langdon Book 2)+Angels and Demons: (Robert Langdon Book 1)+Digital Fortress(Set of 3books)]]>
    </line>
    <line>
      <![CDATA[DA VINCI CODE]]>
    </line>
    <line>
      <![CDATA[The Da Vinci Code: A Novel: 2 (Robert Langdon)]]>
    </line>
    <line>
      <![CDATA[The Da Vinci Code]]>
    </line>
    <line>
      <![CDATA[Davinci Code]]>
    </line>
    <line>
      <![CDATA[The Da Vinci Code]]>
    </line>
    <line>
      <![CDATA[World’s Greatest Classics (Box Set of 4 Books)]]>
    </line>
    <line>
      <![CDATA[The Complete Novels of Sherlock Holmes]]>
    </line>
    <line>
      <![CDATA[The Da Vinci Code: (Robert Langdon Book 2)+The Lost Symbol: (Robert Langdon Book 3)(Set of 2books)]]>
    </line>
    <line>
      <![CDATA[The Da Vinci Code Revisited]]>
    </line>
    <line>
      <![CDATA[The Da Vinci Code: Facts and Fallacies at the 92nd Street Y]]>
    </line>
    <line>
      <![CDATA[The Da Vinci Code: The Background Explained]]>
    </line>
    <line>
      <![CDATA[The Da Vinci Code]]>
    </line>
    <line>
      <![CDATA[Fact and Fiction in "The Da Vinci Code"]]>
    </line>
    <line>
      <![CDATA[Secrets of the Code: The Unauthorized Guide to the Mysteries Behind "The Da Vinci Code"]]>
    </line>
    <line>
      <![CDATA[The Da Vinci Code: (Robert Langdon Book 2)+Angels and Demons: (Robert Langdon Book 1)+Deception Point(Set of 3books)]]>
    </line>
    <line>
      <![CDATA[Greatest Tragedies of Shakespeare (Deluxe Hardbound Edition)]]>
    </line>
    <line>
      <![CDATA[War & Peace]]>
    </line>
    <line>
      <![CDATA[Title has the search term]]>
    </line>
    <line>
      <![CDATA[Samsung Galaxy M12 (Black,6GB RAM, 128GB Storage) 6 Months Free Screen Replacement for Prime]]>
    </line>
    <line>
      <![CDATA[Samsung Galaxy M52 5G (ICY Blue, 8GB RAM, 128GB Storage) Latest Snapdragon 778G 5G | sAMOLED 120Hz Display]]>
    </line>
    <line>
      <![CDATA[OPPO A31 (Fantasy White, 6GB RAM, 128GB Storage) with No Cost EMI/Additional Exchange Offers]]>
    </line>
    <line>
      <![CDATA[OPPO A31 (Mystery Black, 6GB RAM, 128GB Storage) with No Cost EMI/Additional Exchange Offers]]>
    </line>
    <line>
      <![CDATA[realme narzo 50A (Oxygen Blue , 4GB RAM + 128 GB Storage) Helio G85 Processor | 50MP AI Triple Camera | 6000 mAh Battery]]>
    </line>
    <line>
      <![CDATA[Redmi Note 11 (Space Black, 6GB RAM, 64GB Storage) | 90Hz FHD+ AMOLED Display | Qualcomm® Snapdragon™ 680-6nm | Alexa Built-in]]>
    </line>
    <line>
      <![CDATA[Redmi Note 11 (Horizon Blue, 6GB RAM, 64GB Storage)|90Hz FHD+ AMOLED Display | Qualcomm® Snapdragon™ 680-6nm | Alexa Built-in]]>
    </line>
    <line>
      <![CDATA[Redmi 9A (Nature Green, 3GB Ram, 32GB Storage) | 2GHz Octa-core Helio G25 Processor]]>
    </line>
    <line>
      <![CDATA[Samsung Galaxy M12 (Blue,4GB RAM, 64GB Storage) 6000 mAh with 8nm Processor | True 48 MP Quad Camera | 90Hz Refresh Rate]]>
    </line>
    <line>
      <![CDATA[Samsung Galaxy M32 5G (Sky Blue, 6GB RAM, 128GB Storage)]]>
    </line>
    <line>
      <![CDATA[Redmi 9A (Sea Blue 3GB RAM 32GB Storage)| 2GHz Octa-core Helio G25 Processor | 5000 mAh Battery]]>
    </line>
    <line>
      <![CDATA[OPPO A74 5G (Fantastic Purple,6GB RAM,128GB Storage) with No Cost EMI/Additional Exchange Offers]]>
    </line>
    <line>
      <![CDATA[Samsung Galaxy M12 (Black,4GB RAM, 64GB Storage) 6000 mAh with 8nm Processor | True 48 MP Quad Camera | 90Hz Refresh Rate]]>
    </line>
    <line>
      <![CDATA[Redmi 9A(Midnight Black 3GB RAM 32GB Storage) | 2GHz Octa-core Helio G25 Processor | 5000 mAh Battery]]>
    </line>
    <line>
      <![CDATA[Samsung Galaxy A03s (Blue, 3GB RAM, 32GB Storage) with No Cost EMI/Additional Exchange Offers]]>
    </line>
    <line>
      <![CDATA[Samsung Galaxy S22 Ultra 5G (Burgundy, 12GB, 256GB Storage) + Samsung Galaxy Watch 4]]>
    </line>
    <line>
      <![CDATA[Samsung Galaxy M12 (Blue,6GB RAM, 128GB Storage) 6 Months Free Screen Replacement for Prime]]>
    </line>
    <line>
      <![CDATA[Samsung Galaxy M12 (Black,6GB RAM, 128GB Storage) 6 Months Free Screen Replacement for Prime]]>
    </line>
    <line>
      <![CDATA[Samsung Galaxy M32 5G (Slate Black, 6GB RAM, 128GB Storage)]]>
    </line>
    <line>
      <![CDATA[Jio Phone Next 32 GB ROM, 2 GB RAM, Blue Smartphone]]>
    </line>
    <line>
      <![CDATA[OnePlus Nord 2 5G (Gray Sierra, 8GB RAM, 128GB Storage)]]>
    </line>
    <line>
      <![CDATA[Samsung Galaxy M12 (White,4GB RAM, 64GB Storage) 6000 mAh with 8nm Processor | True 48 MP Quad Camera | 90Hz Refresh Rate]]>
    </line>
    <line>
      <![CDATA[realme narzo 50A (Oxygen Blue , 4GB RAM + 64 GB Storage) Helio G85 Processor | 50MP AI Triple Camera | 6000 mAh Battery]]>
    </line>
    <line>
      <![CDATA[OPPO A74 5G (Fluid Black, 6GB RAM, 128GB Storage) with No Cost EMI/Additional Exchange Offers]]>
    </line>
    <line>
      <![CDATA[Nokia C01 Plus 4G, 5.45” HD+ Screen, Selfie Camera with Front Flash (Grey)]]>
    </line>
    <line>
      <![CDATA[Nokia 105 Single SIM (Black)]]>
    </line>
    <line>
      <![CDATA[Redmi 10 (Prime Phantom Black 6GB RAM 128GB ROM |Helio G88 with extendable RAM Upto 2GB |FHD+ 90Hz Adaptive Sync Display)]]>
    </line>
    <line>
      <![CDATA[Nokia 150 (2020) (Black)]]>
    </line>
    <line>
      <![CDATA[Title has the search term]]>
    </line>
    <line>
      <![CDATA[BLUEWUD Noel Engineered Wood Rectangular Shape Coffee Table/Centre Table with Storage (Wenge)]]>
    </line>
    <line>
      <![CDATA[Title has the search term]]>
    </line>
    <line>
      <![CDATA[AmazonBasics 6.5 kg Fully-Automatic Top Load Washing Machine (Grey/Black, Full Metal body, LED Display)]]>
    </line>
    <line>
      <![CDATA[AmazonBasics 8 kg Semi-automatic Washing Machine (with Heavy wash function, White/Blue color)]]>
    </line>
    <line>
      <![CDATA[Samsung 6.5 kg Fully-Automatic Top Loading Washing Machine (WA65A4002VS/TL, Imperial Silver, Center Jet Pulsator)]]>
    </line>
    <line>
      <![CDATA[Whirlpool 7 Kg 5 Star Semi-Automatic Top Loading Washing Machine (SUPERB ATOM 7.0, Grey Dazzle, TurboScrub Technology)]]>
    </line>
    <line>
      <![CDATA[Whirlpool 7 Kg 5 Star Royal Fully-Automatic Top Loading Washing Machine (WHITEMAGIC ROYAL 7.0 GENX, Grey, Hard Water Wash)]]>
    </line>
    <line>
      <![CDATA[Panasonic Econavi 8 Kg 5 Star Built-In Heater Fully-Automatic Top Loading Washing Machine (NA-F80V9LRB, Silver, Stain Master+)]]>
    </line>
    <line>
      <![CDATA[Samsung 6.5 Kg 5 Star Inverter Fully-Automatic Top Loading Washing Machine (WA65T4262GG/TL, Light Grey, Wobble technology)]]>
    </line>
    <line>
      <![CDATA[Croma 6.5 kg Semi Automatic Top Load Washing Machine (CRAW2221, White)]]>
    </line>
    <line>
      <![CDATA[LG 8 Kg 5 Star Semi-Automatic Top Loading Washing Machine (P8030SRAZ, Burgundy, Collar Scrubber)]]>
    </line>
    <line>
      <![CDATA[Samsung 6.0 Kg Inverter 5 Star Fully-Automatic Front Loading Washing Machine (WW60R20GLMA/TL, White, Hygiene Steam)]]>
    </line>
    <line>
      <![CDATA[LG 6.5 Kg 5 Star Smart Inverter Fully-Automatic Top Loading Washing Machine (T65SKSF4Z, Middle Free Silver)]]>
    </line>
    <line>
      <![CDATA[Panasonic 6 Kg 5 Star Fully-Automatic Top Loading Washing Machine (NA-F60LF1HRB, Grey)]]>
    </line>
    <line>
      <![CDATA[Panasonic 6.5 kg 5 Star Semi-Automatic Top Loading Washing Machine (NA-W65E5ARB, Blue, Powerful Motor)]]>
    </line>
    <line>
      <![CDATA[Whirlpool 7.5 Kg 5 Star Semi-Automatic Top Loading Washing Machine (ACE 7.5 SUPREME, Grey Dazzle)]]>
    </line>
    <line>
      <![CDATA[Onida 6.5 kg Top Loading Washer Only (WS65WLPT1LR Liliput, Lava Red)]]>
    </line>
    <line>
      <![CDATA[AmazonBasics 6 Place Setting Dishwasher (2021, Silver)]]>
    </line>
    <line>
      <![CDATA[Samsung 6.0 Kg Inverter 5 Star Fully-Automatic Front Loading Washing Machine (WW60R20GLMA/TL, White, Hygiene Steam)]]>
    </line>
    <line>
      <![CDATA[Whirlpool 6 Kg 5 Star Semi-Automatic Top Loading Washing Machine (SUPERB ATOM 60I, Grey Dazzle)]]>
    </line>
    <line>
      <![CDATA[Whirlpool 6 Kg 5 Star Royal Fully-Automatic Top Loading Washing Machine (WHITEMAGIC ROYAL 6.0 GENX, Satin Grey, Hard Water Wash)]]>
    </line>
    <line>
      <![CDATA[Samsung 7.2 kg Semi-Automatic Top Loading Washing Machine (WT725QPNDMP, White and Blue, Center Jet Pulsator)]]>
    </line>
    <line>
      <![CDATA[Godrej 6.2 Kg Fully-Automatic Top Loading Washing Machine (WT EON 620 A Gp Gr, Grey)]]>
    </line>
    <line>
      <![CDATA[LG 7.5 Kg 5 Star Semi-Automatic Top Loading Washing Machine (P7515SRAZ, Burgundy, Roller Jet Pulsator), Large]]>
    </line>
    <line>
      <![CDATA[Samsung 7 Kg 5 Star Inverter Fully-Automatic Top Loading Washing Machine (WA70T4262GS/TL, Imperial Silver, Wobble technology)]]>
    </line>
    <line>
      <![CDATA[Whirlpool 6.5 Kg 5 Star Royal Fully-Automatic Top Loading Washing Machine (WHITEMAGIC ROYAL 6.5 GENX, Grey, Hard Water Wash)]]>
    </line>
    <line>
      <![CDATA[AmazonBasics 6.5 kg Fully-Automatic Top Load Washing Machine (Grey/Black, Full Metal body, LED Display)]]>
    </line>
    <line>
      <![CDATA[Amazon Basics 6 Kg Fully Automatic Top Loading Washing machine]]>
    </line>
    <line>
      <![CDATA[LG 7 kg 5 Star Inverter Fully-Automatic Top Loading Washing Machine (T70SKSF1Z, Middle Free Silver, TurboDrum)]]>
    </line>
    <line>
      <![CDATA[Godrej 6 Kg 5 Star Fully-Automatic Top Loading Washing Machine (WTEON 600 AD 5.0 ROGR, Grey, Acu Wash Drum)]]>
    </line>
    <line>
      <![CDATA[Whirlpool 7.5 Kg Fully-Automatic Top Loading Washing Machine with In-built heater (Stainwash Ultra SC 10 YMW, Grey, Hard Water Wash)]]>
    </line>
    <line>
      <![CDATA[Amazon Basics 6 Kg Fully Automatic Top Loading Washing machine]]>
    </line>
    <line>
      <![CDATA[Croma 6.5 kg Semi Automatic Top Load Washing Machine (CRAW2221, White)]]>
    </line>
  </reporter-output>
  <suite started-at="2022-03-24T01:45:07 PST" name="Functional Test Suite" finished-at="2022-03-24T01:45:58 PST" duration-ms="50391">
    <groups>
    </groups>
    <test started-at="2022-03-24T01:45:07 PST" name="Amazon Application - Chrome" finished-at="2022-03-24T01:45:58 PST" duration-ms="50391">
      <class name="com.qa.testscripts.TC_Amazon_003">
        <test-method is-config="true" signature="setUp(java.lang.String,java.lang.String)[pri:0, instance:com.qa.testscripts.TC_Amazon_003@18ce0030]" started-at="2022-03-24T01:45:08 PST" name="setUp" finished-at="2022-03-24T01:45:16 PST" duration-ms="8754" status="PASS">
          <params>
            <param index="0">
              <value>
                <![CDATA[chrome]]>
              </value>
            </param>
            <param index="1">
              <value>
                <![CDATA[https://www.amazon.in/]]>
              </value>
            </param>
          </params>
          <reporter-output>
          </reporter-output>
        </test-method> <!-- setUp -->
        <test-method signature="searchItem(java.lang.String,java.lang.String)[pri:2, instance:com.qa.testscripts.TC_Amazon_003@18ce0030]" started-at="2022-03-24T01:45:19 PST" name="searchItem" data-provider="getData" finished-at="2022-03-24T01:45:28 PST" duration-ms="9489" status="PASS">
          <params>
            <param index="0">
              <value>
                <![CDATA[Books]]>
              </value>
            </param>
            <param index="1">
              <value>
                <![CDATA[Da Vinci Code]]>
              </value>
            </param>
          </params>
          <reporter-output>
            <line>
              <![CDATA[Title has the search term]]>
            </line>
            <line>
              <![CDATA[The Count of Monte Cristo]]>
            </line>
            <line>
              <![CDATA[The Prophet]]>
            </line>
            <line>
              <![CDATA[The Da Vinci Code: (Robert Langdon Book 2)]]>
            </line>
            <line>
              <![CDATA[The Da Vinci Code (Abridged Edition)]]>
            </line>
            <line>
              <![CDATA[The Da Vinci Code: (Robert Langdon Book 2)+Angels and Demons: (Robert Langdon Book 1)+Digital Fortress(Set of 3books)]]>
            </line>
            <line>
              <![CDATA[DA VINCI CODE]]>
            </line>
            <line>
              <![CDATA[The Da Vinci Code: A Novel: 2 (Robert Langdon)]]>
            </line>
            <line>
              <![CDATA[The Da Vinci Code]]>
            </line>
            <line>
              <![CDATA[Davinci Code]]>
            </line>
            <line>
              <![CDATA[The Da Vinci Code]]>
            </line>
            <line>
              <![CDATA[World’s Greatest Classics (Box Set of 4 Books)]]>
            </line>
            <line>
              <![CDATA[The Complete Novels of Sherlock Holmes]]>
            </line>
            <line>
              <![CDATA[The Da Vinci Code: (Robert Langdon Book 2)+The Lost Symbol: (Robert Langdon Book 3)(Set of 2books)]]>
            </line>
            <line>
              <![CDATA[The Da Vinci Code Revisited]]>
            </line>
            <line>
              <![CDATA[The Da Vinci Code: Facts and Fallacies at the 92nd Street Y]]>
            </line>
            <line>
              <![CDATA[The Da Vinci Code: The Background Explained]]>
            </line>
            <line>
              <![CDATA[The Da Vinci Code]]>
            </line>
            <line>
              <![CDATA[Fact and Fiction in "The Da Vinci Code"]]>
            </line>
            <line>
              <![CDATA[Secrets of the Code: The Unauthorized Guide to the Mysteries Behind "The Da Vinci Code"]]>
            </line>
            <line>
              <![CDATA[The Da Vinci Code: (Robert Langdon Book 2)+Angels and Demons: (Robert Langdon Book 1)+Deception Point(Set of 3books)]]>
            </line>
            <line>
              <![CDATA[Greatest Tragedies of Shakespeare (Deluxe Hardbound Edition)]]>
            </line>
            <line>
              <![CDATA[War & Peace]]>
            </line>
          </reporter-output>
        </test-method> <!-- searchItem -->
        <test-method signature="searchItem(java.lang.String,java.lang.String)[pri:2, instance:com.qa.testscripts.TC_Amazon_003@18ce0030]" started-at="2022-03-24T01:45:28 PST" name="searchItem" data-provider="getData" finished-at="2022-03-24T01:45:39 PST" duration-ms="10715" status="PASS">
          <params>
            <param index="0">
              <value>
                <![CDATA[Electronics]]>
              </value>
            </param>
            <param index="1">
              <value>
                <![CDATA[Mobile Phones]]>
              </value>
            </param>
          </params>
          <reporter-output>
            <line>
              <![CDATA[Title has the search term]]>
            </line>
            <line>
              <![CDATA[Samsung Galaxy M12 (Black,6GB RAM, 128GB Storage) 6 Months Free Screen Replacement for Prime]]>
            </line>
            <line>
              <![CDATA[Samsung Galaxy M52 5G (ICY Blue, 8GB RAM, 128GB Storage) Latest Snapdragon 778G 5G | sAMOLED 120Hz Display]]>
            </line>
            <line>
              <![CDATA[OPPO A31 (Fantasy White, 6GB RAM, 128GB Storage) with No Cost EMI/Additional Exchange Offers]]>
            </line>
            <line>
              <![CDATA[OPPO A31 (Mystery Black, 6GB RAM, 128GB Storage) with No Cost EMI/Additional Exchange Offers]]>
            </line>
            <line>
              <![CDATA[realme narzo 50A (Oxygen Blue , 4GB RAM + 128 GB Storage) Helio G85 Processor | 50MP AI Triple Camera | 6000 mAh Battery]]>
            </line>
            <line>
              <![CDATA[Redmi Note 11 (Space Black, 6GB RAM, 64GB Storage) | 90Hz FHD+ AMOLED Display | Qualcomm® Snapdragon™ 680-6nm | Alexa Built-in]]>
            </line>
            <line>
              <![CDATA[Redmi Note 11 (Horizon Blue, 6GB RAM, 64GB Storage)|90Hz FHD+ AMOLED Display | Qualcomm® Snapdragon™ 680-6nm | Alexa Built-in]]>
            </line>
            <line>
              <![CDATA[Redmi 9A (Nature Green, 3GB Ram, 32GB Storage) | 2GHz Octa-core Helio G25 Processor]]>
            </line>
            <line>
              <![CDATA[Samsung Galaxy M12 (Blue,4GB RAM, 64GB Storage) 6000 mAh with 8nm Processor | True 48 MP Quad Camera | 90Hz Refresh Rate]]>
            </line>
            <line>
              <![CDATA[Samsung Galaxy M32 5G (Sky Blue, 6GB RAM, 128GB Storage)]]>
            </line>
            <line>
              <![CDATA[Redmi 9A (Sea Blue 3GB RAM 32GB Storage)| 2GHz Octa-core Helio G25 Processor | 5000 mAh Battery]]>
            </line>
            <line>
              <![CDATA[OPPO A74 5G (Fantastic Purple,6GB RAM,128GB Storage) with No Cost EMI/Additional Exchange Offers]]>
            </line>
            <line>
              <![CDATA[Samsung Galaxy M12 (Black,4GB RAM, 64GB Storage) 6000 mAh with 8nm Processor | True 48 MP Quad Camera | 90Hz Refresh Rate]]>
            </line>
            <line>
              <![CDATA[Redmi 9A(Midnight Black 3GB RAM 32GB Storage) | 2GHz Octa-core Helio G25 Processor | 5000 mAh Battery]]>
            </line>
            <line>
              <![CDATA[Samsung Galaxy A03s (Blue, 3GB RAM, 32GB Storage) with No Cost EMI/Additional Exchange Offers]]>
            </line>
            <line>
              <![CDATA[Samsung Galaxy S22 Ultra 5G (Burgundy, 12GB, 256GB Storage) + Samsung Galaxy Watch 4]]>
            </line>
            <line>
              <![CDATA[Samsung Galaxy M12 (Blue,6GB RAM, 128GB Storage) 6 Months Free Screen Replacement for Prime]]>
            </line>
            <line>
              <![CDATA[Samsung Galaxy M12 (Black,6GB RAM, 128GB Storage) 6 Months Free Screen Replacement for Prime]]>
            </line>
            <line>
              <![CDATA[Samsung Galaxy M32 5G (Slate Black, 6GB RAM, 128GB Storage)]]>
            </line>
            <line>
              <![CDATA[Jio Phone Next 32 GB ROM, 2 GB RAM, Blue Smartphone]]>
            </line>
            <line>
              <![CDATA[OnePlus Nord 2 5G (Gray Sierra, 8GB RAM, 128GB Storage)]]>
            </line>
            <line>
              <![CDATA[Samsung Galaxy M12 (White,4GB RAM, 64GB Storage) 6000 mAh with 8nm Processor | True 48 MP Quad Camera | 90Hz Refresh Rate]]>
            </line>
            <line>
              <![CDATA[realme narzo 50A (Oxygen Blue , 4GB RAM + 64 GB Storage) Helio G85 Processor | 50MP AI Triple Camera | 6000 mAh Battery]]>
            </line>
            <line>
              <![CDATA[OPPO A74 5G (Fluid Black, 6GB RAM, 128GB Storage) with No Cost EMI/Additional Exchange Offers]]>
            </line>
            <line>
              <![CDATA[Nokia C01 Plus 4G, 5.45” HD+ Screen, Selfie Camera with Front Flash (Grey)]]>
            </line>
            <line>
              <![CDATA[Nokia 105 Single SIM (Black)]]>
            </line>
            <line>
              <![CDATA[Redmi 10 (Prime Phantom Black 6GB RAM 128GB ROM |Helio G88 with extendable RAM Upto 2GB |FHD+ 90Hz Adaptive Sync Display)]]>
            </line>
            <line>
              <![CDATA[Nokia 150 (2020) (Black)]]>
            </line>
          </reporter-output>
        </test-method> <!-- searchItem -->
        <test-method signature="searchItem(java.lang.String,java.lang.String)[pri:2, instance:com.qa.testscripts.TC_Amazon_003@18ce0030]" started-at="2022-03-24T01:45:39 PST" name="searchItem" data-provider="getData" finished-at="2022-03-24T01:45:48 PST" duration-ms="9148" status="PASS">
          <params>
            <param index="0">
              <value>
                <![CDATA[Furniture]]>
              </value>
            </param>
            <param index="1">
              <value>
                <![CDATA[Wooden Tables]]>
              </value>
            </param>
          </params>
          <reporter-output>
            <line>
              <![CDATA[Title has the search term]]>
            </line>
            <line>
              <![CDATA[BLUEWUD Noel Engineered Wood Rectangular Shape Coffee Table/Centre Table with Storage (Wenge)]]>
            </line>
          </reporter-output>
        </test-method> <!-- searchItem -->
        <test-method signature="searchItem(java.lang.String,java.lang.String)[pri:2, instance:com.qa.testscripts.TC_Amazon_003@18ce0030]" started-at="2022-03-24T01:45:48 PST" name="searchItem" data-provider="getData" finished-at="2022-03-24T01:45:57 PST" duration-ms="9414" status="PASS">
          <params>
            <param index="0">
              <value>
                <![CDATA[Appliances]]>
              </value>
            </param>
            <param index="1">
              <value>
                <![CDATA[Washing Machine]]>
              </value>
            </param>
          </params>
          <reporter-output>
            <line>
              <![CDATA[Title has the search term]]>
            </line>
            <line>
              <![CDATA[AmazonBasics 6.5 kg Fully-Automatic Top Load Washing Machine (Grey/Black, Full Metal body, LED Display)]]>
            </line>
            <line>
              <![CDATA[AmazonBasics 8 kg Semi-automatic Washing Machine (with Heavy wash function, White/Blue color)]]>
            </line>
            <line>
              <![CDATA[Samsung 6.5 kg Fully-Automatic Top Loading Washing Machine (WA65A4002VS/TL, Imperial Silver, Center Jet Pulsator)]]>
            </line>
            <line>
              <![CDATA[Whirlpool 7 Kg 5 Star Semi-Automatic Top Loading Washing Machine (SUPERB ATOM 7.0, Grey Dazzle, TurboScrub Technology)]]>
            </line>
            <line>
              <![CDATA[Whirlpool 7 Kg 5 Star Royal Fully-Automatic Top Loading Washing Machine (WHITEMAGIC ROYAL 7.0 GENX, Grey, Hard Water Wash)]]>
            </line>
            <line>
              <![CDATA[Panasonic Econavi 8 Kg 5 Star Built-In Heater Fully-Automatic Top Loading Washing Machine (NA-F80V9LRB, Silver, Stain Master+)]]>
            </line>
            <line>
              <![CDATA[Samsung 6.5 Kg 5 Star Inverter Fully-Automatic Top Loading Washing Machine (WA65T4262GG/TL, Light Grey, Wobble technology)]]>
            </line>
            <line>
              <![CDATA[Croma 6.5 kg Semi Automatic Top Load Washing Machine (CRAW2221, White)]]>
            </line>
            <line>
              <![CDATA[LG 8 Kg 5 Star Semi-Automatic Top Loading Washing Machine (P8030SRAZ, Burgundy, Collar Scrubber)]]>
            </line>
            <line>
              <![CDATA[Samsung 6.0 Kg Inverter 5 Star Fully-Automatic Front Loading Washing Machine (WW60R20GLMA/TL, White, Hygiene Steam)]]>
            </line>
            <line>
              <![CDATA[LG 6.5 Kg 5 Star Smart Inverter Fully-Automatic Top Loading Washing Machine (T65SKSF4Z, Middle Free Silver)]]>
            </line>
            <line>
              <![CDATA[Panasonic 6 Kg 5 Star Fully-Automatic Top Loading Washing Machine (NA-F60LF1HRB, Grey)]]>
            </line>
            <line>
              <![CDATA[Panasonic 6.5 kg 5 Star Semi-Automatic Top Loading Washing Machine (NA-W65E5ARB, Blue, Powerful Motor)]]>
            </line>
            <line>
              <![CDATA[Whirlpool 7.5 Kg 5 Star Semi-Automatic Top Loading Washing Machine (ACE 7.5 SUPREME, Grey Dazzle)]]>
            </line>
            <line>
              <![CDATA[Onida 6.5 kg Top Loading Washer Only (WS65WLPT1LR Liliput, Lava Red)]]>
            </line>
            <line>
              <![CDATA[AmazonBasics 6 Place Setting Dishwasher (2021, Silver)]]>
            </line>
            <line>
              <![CDATA[Samsung 6.0 Kg Inverter 5 Star Fully-Automatic Front Loading Washing Machine (WW60R20GLMA/TL, White, Hygiene Steam)]]>
            </line>
            <line>
              <![CDATA[Whirlpool 6 Kg 5 Star Semi-Automatic Top Loading Washing Machine (SUPERB ATOM 60I, Grey Dazzle)]]>
            </line>
            <line>
              <![CDATA[Whirlpool 6 Kg 5 Star Royal Fully-Automatic Top Loading Washing Machine (WHITEMAGIC ROYAL 6.0 GENX, Satin Grey, Hard Water Wash)]]>
            </line>
            <line>
              <![CDATA[Samsung 7.2 kg Semi-Automatic Top Loading Washing Machine (WT725QPNDMP, White and Blue, Center Jet Pulsator)]]>
            </line>
            <line>
              <![CDATA[Godrej 6.2 Kg Fully-Automatic Top Loading Washing Machine (WT EON 620 A Gp Gr, Grey)]]>
            </line>
            <line>
              <![CDATA[LG 7.5 Kg 5 Star Semi-Automatic Top Loading Washing Machine (P7515SRAZ, Burgundy, Roller Jet Pulsator), Large]]>
            </line>
            <line>
              <![CDATA[Samsung 7 Kg 5 Star Inverter Fully-Automatic Top Loading Washing Machine (WA70T4262GS/TL, Imperial Silver, Wobble technology)]]>
            </line>
            <line>
              <![CDATA[Whirlpool 6.5 Kg 5 Star Royal Fully-Automatic Top Loading Washing Machine (WHITEMAGIC ROYAL 6.5 GENX, Grey, Hard Water Wash)]]>
            </line>
            <line>
              <![CDATA[AmazonBasics 6.5 kg Fully-Automatic Top Load Washing Machine (Grey/Black, Full Metal body, LED Display)]]>
            </line>
            <line>
              <![CDATA[Amazon Basics 6 Kg Fully Automatic Top Loading Washing machine]]>
            </line>
            <line>
              <![CDATA[LG 7 kg 5 Star Inverter Fully-Automatic Top Loading Washing Machine (T70SKSF1Z, Middle Free Silver, TurboDrum)]]>
            </line>
            <line>
              <![CDATA[Godrej 6 Kg 5 Star Fully-Automatic Top Loading Washing Machine (WTEON 600 AD 5.0 ROGR, Grey, Acu Wash Drum)]]>
            </line>
            <line>
              <![CDATA[Whirlpool 7.5 Kg Fully-Automatic Top Loading Washing Machine with In-built heater (Stainwash Ultra SC 10 YMW, Grey, Hard Water Wash)]]>
            </line>
            <line>
              <![CDATA[Amazon Basics 6 Kg Fully Automatic Top Loading Washing machine]]>
            </line>
            <line>
              <![CDATA[Croma 6.5 kg Semi Automatic Top Load Washing Machine (CRAW2221, White)]]>
            </line>
          </reporter-output>
        </test-method> <!-- searchItem -->
        <test-method is-config="true" signature="tearDown()[pri:0, instance:com.qa.testscripts.TC_Amazon_003@18ce0030]" started-at="2022-03-24T01:45:57 PST" name="tearDown" finished-at="2022-03-24T01:45:58 PST" duration-ms="363" status="PASS">
          <reporter-output>
          </reporter-output>
        </test-method> <!-- tearDown -->
      </class> <!-- com.qa.testscripts.TC_Amazon_003 -->
    </test> <!-- Amazon Application - Chrome -->
  </suite> <!-- Functional Test Suite -->
</testng-results>
