<?xml version="1.0" encoding="UTF-8"?>
<!-- Generated by org.testng.reporters.JUnitXMLReporter -->
<testsuite ignored="1" hostname="DESKTOP-UNHJLHT" failures="0" tests="4" name="Amazon Application - Chrome" time="50.391" errors="0" timestamp="2022-03-24T01:45:58 PST">
  <testcase classname="com.qa.testscripts.TC_Amazon_003" name="searchItem" time="9.489"/>
  <testcase classname="com.qa.testscripts.TC_Amazon_003" name="searchItem" time="10.715"/>
  <testcase classname="com.qa.testscripts.TC_Amazon_003" name="searchItem" time="9.148"/>
  <testcase classname="com.qa.testscripts.TC_Amazon_003" name="searchItem" time="9.414"/>
  <testcase classname="com.qa.testscripts.TC_Amazon_003" name="validateTitle" time="0.0">
    <ignored/>
  </testcase> <!-- validateTitle -->
</testsuite> <!-- Amazon Application - Chrome -->
